C:\Users\Admin\Desktop\ScaleSets\ScaleSets\Debug\cl.command.1.tlog
C:\Users\Admin\Desktop\ScaleSets\ScaleSets\Debug\CL.read.1.tlog
C:\Users\Admin\Desktop\ScaleSets\ScaleSets\Debug\CL.write.1.tlog
C:\Users\Admin\Desktop\ScaleSets\ScaleSets\Debug\link.20756.read.1.tlog
C:\Users\Admin\Desktop\ScaleSets\ScaleSets\Debug\link.20756.write.1.tlog
C:\Users\Admin\Desktop\ScaleSets\ScaleSets\Debug\link.20756-cvtres.read.1.tlog
C:\Users\Admin\Desktop\ScaleSets\ScaleSets\Debug\link.20756-cvtres.write.1.tlog
C:\Users\Admin\Desktop\ScaleSets\ScaleSets\Debug\link.command.1.tlog
C:\Users\Admin\Desktop\ScaleSets\ScaleSets\Debug\link.read.1.tlog
C:\Users\Admin\Desktop\ScaleSets\ScaleSets\Debug\link.write.1.tlog
C:\Users\Admin\Desktop\ScaleSets\ScaleSets\Debug\link-cvtres.read.1.tlog
C:\Users\Admin\Desktop\ScaleSets\ScaleSets\Debug\link-cvtres.write.1.tlog
C:\Users\Admin\Desktop\ScaleSets\ScaleSets\Debug\mt.command.1.tlog
C:\Users\Admin\Desktop\ScaleSets\ScaleSets\Debug\mt.read.1.tlog
C:\Users\Admin\Desktop\ScaleSets\ScaleSets\Debug\mt.write.1.tlog
C:\Users\Admin\Desktop\ScaleSets\ScaleSets\Debug\rc.command.1.tlog
C:\Users\Admin\Desktop\ScaleSets\ScaleSets\Debug\rc.read.1.tlog
C:\Users\Admin\Desktop\ScaleSets\ScaleSets\Debug\rc.write.1.tlog
C:\USERS\ADMIN\DESKTOP\SCALESETS\SCALESETS\DEBUG\SCALESETS.EXE
C:\USERS\ADMIN\DESKTOP\SCALESETS\SCALESETS\DEBUG\SCALESETS.EXE.EMBED.MANIFEST
C:\USERS\ADMIN\DESKTOP\SCALESETS\SCALESETS\DEBUG\SCALESETS.EXE.EMBED.MANIFEST.RES
C:\USERS\ADMIN\DESKTOP\SCALESETS\SCALESETS\DEBUG\SCALESETS.EXE.INTERMEDIATE.MANIFEST
C:\USERS\ADMIN\DESKTOP\SCALESETS\SCALESETS\DEBUG\SCALESETS.ILK
C:\USERS\ADMIN\DESKTOP\SCALESETS\SCALESETS\DEBUG\SCALESETS.PDB
C:\Users\Admin\Desktop\ScaleSets\ScaleSets\Debug\ScaleSets.write.1.tlog
C:\Users\Admin\Desktop\ScaleSets\ScaleSets\Debug\ScaleSets_manifest.rc
C:\USERS\ADMIN\DESKTOP\SCALESETS\SCALESETS\DEBUG\SCALESETSMAIN.OBJ
C:\Users\Admin\Desktop\ScaleSets\ScaleSets\Debug\vc100.idb
C:\USERS\ADMIN\DESKTOP\SCALESETS\SCALESETS\DEBUG\VC100.PDB
